<?xml version="1.0" encoding="UTF-8"?>
<!-- Generated by org.testng.reporters.JUnitReportReporter -->
<testsuite hostname="MRIPF3GRQ4B" failures="0" tests="1" name="Tests.SampleTest" time="0.005" errors="0" timestamp="2024-07-30T11:19:26 EDT" skipped="0">
  <testcase classname="Tests.SampleTest" name="launch" time="0.005"/>
  <system-out/>
</testsuite> <!-- Tests.SampleTest -->
