<?xml version="1.0" encoding="UTF-8"?>
<!-- Generated by org.testng.reporters.JUnitReportReporter -->
<testsuite hostname="MRIPF3GRQ4B" failures="0" tests="1" name="Tests.CompareColumnHeaderCount" time="0.022" errors="0" timestamp="2024-07-31T20:37:56 EDT" skipped="0">
  <testcase classname="Tests.CompareColumnHeaderCount" name="CompareColumnHeaderCountTest" time="0.022"/>
  <system-out/>
</testsuite> <!-- Tests.CompareColumnHeaderCount -->
